14-07-2025 18:48:39	This log contains information about the import schema operation into project 'DotNetAPI-DB' on computer 'DESKTOP-MTBBH44' by user 'DELL'.
14-07-2025 18:48:39	Import of database schema has started.
14-07-2025 18:48:46	Gathering database credentials
14-07-2025 18:48:46	Gathering database options
14-07-2025 18:48:46	Gathering generic database scoped configuration option
14-07-2025 18:48:46	Gathering users
14-07-2025 18:48:46	Gathering roles
14-07-2025 18:48:46	Gathering application roles
14-07-2025 18:48:46	Gathering role memberships
14-07-2025 18:48:46	Gathering filegroups
14-07-2025 18:48:46	Gathering full-text catalogs
14-07-2025 18:48:46	Gathering assemblies
14-07-2025 18:48:46	Gathering certificates
14-07-2025 18:48:46	Gathering asymmetric keys
14-07-2025 18:48:46	Gathering symmetric keys
14-07-2025 18:48:46	Gathering encrypted symmetric keys
14-07-2025 18:48:46	Gathering schemas
14-07-2025 18:48:46	Gathering XML schema collections
14-07-2025 18:48:46	Gathering user-defined data types
14-07-2025 18:48:46	Gathering user-defined types
14-07-2025 18:48:46	Gathering table types
14-07-2025 18:48:46	Gathering unique keys for table types
14-07-2025 18:48:46	Gathering primary keys for table types
14-07-2025 18:48:47	Gathering indexes for table types
14-07-2025 18:48:47	Gathering check constraints for table types
14-07-2025 18:48:47	Gathering default constraints for table types
14-07-2025 18:48:47	Gathering partition functions
14-07-2025 18:48:47	Gathering partition schemes
14-07-2025 18:48:47	Gathering functions
14-07-2025 18:48:47	Gathering encrypted functions
14-07-2025 18:48:47	Gathering aggregates
14-07-2025 18:48:47	Gathering procedures
14-07-2025 18:48:47	Gathering encrypted procedures
14-07-2025 18:48:47	Gathering tables
14-07-2025 18:48:47	Gathering primary keys
14-07-2025 18:48:47	Gathering unique constraints
14-07-2025 18:48:47	Gathering foreign keys
14-07-2025 18:48:47	Gathering default constraints
14-07-2025 18:48:47	Gathering check constraints
14-07-2025 18:48:47	Gathering views
14-07-2025 18:48:47	Gathering encrypted views
14-07-2025 18:48:47	Gathering indexes
14-07-2025 18:48:47	Gathering statistics
14-07-2025 18:48:47	Gathering full-text index stoplists
14-07-2025 18:48:47	Gathering search property lists
14-07-2025 18:48:47	Gathering search properties
14-07-2025 18:48:47	Gathering full-text indexes
14-07-2025 18:48:47	Gathering column store indexes
14-07-2025 18:48:47	Gathering spatial indexes
14-07-2025 18:48:47	Gathering XML indexes
14-07-2025 18:48:47	Gathering Selective XML indexes
14-07-2025 18:48:47	Gathering encrypted triggers
14-07-2025 18:48:47	Gathering triggers
14-07-2025 18:48:47	Gathering encrypted and clr ddl triggers
14-07-2025 18:48:47	Gathering ddl triggers
14-07-2025 18:48:47	Creating edge constraints
14-07-2025 18:48:47	Gathering synonyms
14-07-2025 18:48:47	Gathering defaults
14-07-2025 18:48:47	Gathering data constraint uddt bindings
14-07-2025 18:48:47	Gathering rules
14-07-2025 18:48:47	Gathering data constraint uddt bindings
14-07-2025 18:48:47	Gathering message types
14-07-2025 18:48:47	Gathering queues
14-07-2025 18:48:47	Gathering contracts
14-07-2025 18:48:47	Gathering services
14-07-2025 18:48:47	Gathering event notifications
14-07-2025 18:48:47	Gathering remote service bindings
14-07-2025 18:48:47	Gathering broker priorities
14-07-2025 18:48:47	Gathering signatures
14-07-2025 18:48:47	Gathering compression options
14-07-2025 18:48:47	Gathering sequence types
14-07-2025 18:48:47	Gathering security policies
14-07-2025 18:48:47	Gather column encryption keys
14-07-2025 18:48:47	Gathering column master keys
14-07-2025 18:48:47	Gathering external data sources
14-07-2025 18:48:47	Gathering external file formats
14-07-2025 18:48:47	Gathering external tables
14-07-2025 18:48:47	Gathering XML index compression options
14-07-2025 18:48:47	Gathering extended properties
14-07-2025 18:48:47	Gathering assemblies
14-07-2025 18:48:47	Gathering credentials
14-07-2025 18:48:47	Gathering logins
14-07-2025 18:48:47	Gathering server audits
14-07-2025 18:48:47	Scanning project for duplicate elements
14-07-2025 18:48:47	Finished duplicate element processing
14-07-2025 18:48:48	Finished importing database.
14-07-2025 18:48:48	A summary of the import was saved to the following location: D:\RaviTeja\DotNetAPI\DotNetAPI-DB\Import Schema Logs\DotNetAPI-DB_20250714011839.log
14-07-2025 18:48:48	Click Finish to continue...
